[23:16:23] [Server thread/INFO]: Starting minecraft server version 1.8.7
[23:16:23] [Server thread/INFO]: Loading properties
[23:16:23] [Server thread/INFO]: Default game type: SURVIVAL
[23:16:23] [Server thread/INFO]: This server is running CraftBukkit version git-Spigot-b3c0272-7723b90 (MC: 1.8.7) (Implementing API version 1.8.7-R0.1-SNAPSHOT)
[23:16:24] [Server thread/INFO]: Debug logging is disabled
[23:16:24] [Server thread/INFO]: Using 4 threads for Netty based IO
[23:16:24] [Server thread/INFO]: Server Ping Player Sample Count: 12
[23:16:24] [Server thread/INFO]: Generating keypair
[23:16:24] [Server thread/INFO]: Starting Minecraft server on *:25565
[23:16:24] [Server thread/INFO]: Using default channel type
[23:16:24] [Server thread/INFO]: **** Beginning UUID conversion, this may take A LONG time ****
[23:16:24] [Server thread/INFO]: Preparing level "world"
[23:16:24] [Server thread/INFO]: -------- World Settings For [world] --------
[23:16:24] [Server thread/INFO]: Chunks to Grow per Tick: 650
[23:16:24] [Server thread/INFO]: Clear tick list: false
[23:16:24] [Server thread/INFO]: Experience Merge Radius: 3.0
[23:16:24] [Server thread/INFO]: Item Merge Radius: 2.5
[23:16:24] [Server thread/INFO]: Item Despawn Rate: 6000
[23:16:24] [Server thread/INFO]: Zombie Aggressive Towards Villager: true
[23:16:24] [Server thread/INFO]: Allow Zombie Pigmen to spawn from portal blocks: true
[23:16:24] [Server thread/INFO]: Arrow Despawn Rate: 1200
[23:16:24] [Server thread/INFO]: View Distance: 10
[23:16:24] [Server thread/INFO]: Max Entity Collisions: 8
[23:16:24] [Server thread/INFO]: Custom Map Seeds:  Village: 10387312 Feature: 14357617
[23:16:24] [Server thread/INFO]: Cactus Growth Modifier: 100%
[23:16:24] [Server thread/INFO]: Cane Growth Modifier: 100%
[23:16:24] [Server thread/INFO]: Melon Growth Modifier: 100%
[23:16:24] [Server thread/INFO]: Mushroom Growth Modifier: 100%
[23:16:24] [Server thread/INFO]: Pumpkin Growth Modifier: 100%
[23:16:24] [Server thread/INFO]: Sapling Growth Modifier: 100%
[23:16:24] [Server thread/INFO]: Wheat Growth Modifier: 100%
[23:16:24] [Server thread/INFO]: NetherWart Growth Modifier: 100%
[23:16:24] [Server thread/INFO]: Anti X-Ray: true
[23:16:24] [Server thread/INFO]: 	Engine Mode: 1
[23:16:24] [Server thread/INFO]: 	Hidden Blocks: [14, 15, 16, 21, 48, 49, 54, 56, 73, 74, 82, 129, 130]
[23:16:24] [Server thread/INFO]: 	Replace Blocks: [1, 5]
[23:16:24] [Server thread/INFO]: Nerfing mobs spawned from spawners: false
[23:16:24] [Server thread/INFO]: Mob Spawn Range: 4
[23:16:24] [Server thread/INFO]: Entity Activation Range: An 32 / Mo 32 / Mi 16
[23:16:24] [Server thread/INFO]: Entity Tracking Range: Pl 48 / An 48 / Mo 48 / Mi 32 / Other 64
[23:16:24] [Server thread/INFO]: Hopper Transfer: 8 Hopper Check: 8 Hopper Amount: 1
[23:16:24] [Server thread/INFO]: Random Lighting Updates: false
[23:16:24] [Server thread/INFO]: Structure Info Saving: true
[23:16:24] [Server thread/INFO]: Sending up to 10 chunks per packet
[23:16:24] [Server thread/INFO]: Max TNT Explosions: 100
[23:16:24] [Server thread/INFO]: Tile Max Tick Time: 50ms Entity max Tick Time: 50ms
[23:16:25] [Server thread/INFO]: -------- World Settings For [world_nether] --------
[23:16:25] [Server thread/INFO]: Chunks to Grow per Tick: 650
[23:16:25] [Server thread/INFO]: Clear tick list: false
[23:16:25] [Server thread/INFO]: Experience Merge Radius: 3.0
[23:16:25] [Server thread/INFO]: Item Merge Radius: 2.5
[23:16:25] [Server thread/INFO]: Item Despawn Rate: 6000
[23:16:25] [Server thread/INFO]: Zombie Aggressive Towards Villager: true
[23:16:25] [Server thread/INFO]: Allow Zombie Pigmen to spawn from portal blocks: true
[23:16:25] [Server thread/INFO]: Arrow Despawn Rate: 1200
[23:16:25] [Server thread/INFO]: View Distance: 10
[23:16:25] [Server thread/INFO]: Max Entity Collisions: 8
[23:16:25] [Server thread/INFO]: Custom Map Seeds:  Village: 10387312 Feature: 14357617
[23:16:25] [Server thread/INFO]: Cactus Growth Modifier: 100%
[23:16:25] [Server thread/INFO]: Cane Growth Modifier: 100%
[23:16:25] [Server thread/INFO]: Melon Growth Modifier: 100%
[23:16:25] [Server thread/INFO]: Mushroom Growth Modifier: 100%
[23:16:25] [Server thread/INFO]: Pumpkin Growth Modifier: 100%
[23:16:25] [Server thread/INFO]: Sapling Growth Modifier: 100%
[23:16:25] [Server thread/INFO]: Wheat Growth Modifier: 100%
[23:16:25] [Server thread/INFO]: NetherWart Growth Modifier: 100%
[23:16:25] [Server thread/INFO]: Anti X-Ray: true
[23:16:25] [Server thread/INFO]: 	Engine Mode: 1
[23:16:25] [Server thread/INFO]: 	Hidden Blocks: [14, 15, 16, 21, 48, 49, 54, 56, 73, 74, 82, 129, 130]
[23:16:25] [Server thread/INFO]: 	Replace Blocks: [1, 5]
[23:16:25] [Server thread/INFO]: Nerfing mobs spawned from spawners: false
[23:16:25] [Server thread/INFO]: Mob Spawn Range: 4
[23:16:25] [Server thread/INFO]: Entity Activation Range: An 32 / Mo 32 / Mi 16
[23:16:25] [Server thread/INFO]: Entity Tracking Range: Pl 48 / An 48 / Mo 48 / Mi 32 / Other 64
[23:16:25] [Server thread/INFO]: Hopper Transfer: 8 Hopper Check: 8 Hopper Amount: 1
[23:16:25] [Server thread/INFO]: Random Lighting Updates: false
[23:16:25] [Server thread/INFO]: Structure Info Saving: true
[23:16:25] [Server thread/INFO]: Sending up to 10 chunks per packet
[23:16:25] [Server thread/INFO]: Max TNT Explosions: 100
[23:16:25] [Server thread/INFO]: Tile Max Tick Time: 50ms Entity max Tick Time: 50ms
[23:16:25] [Server thread/INFO]: -------- World Settings For [world_the_end] --------
[23:16:25] [Server thread/INFO]: Chunks to Grow per Tick: 650
[23:16:25] [Server thread/INFO]: Clear tick list: false
[23:16:25] [Server thread/INFO]: Experience Merge Radius: 3.0
[23:16:25] [Server thread/INFO]: Item Merge Radius: 2.5
[23:16:25] [Server thread/INFO]: Item Despawn Rate: 6000
[23:16:25] [Server thread/INFO]: Zombie Aggressive Towards Villager: true
[23:16:25] [Server thread/INFO]: Allow Zombie Pigmen to spawn from portal blocks: true
[23:16:25] [Server thread/INFO]: Arrow Despawn Rate: 1200
[23:16:25] [Server thread/INFO]: View Distance: 10
[23:16:25] [Server thread/INFO]: Max Entity Collisions: 8
[23:16:25] [Server thread/INFO]: Custom Map Seeds:  Village: 10387312 Feature: 14357617
[23:16:25] [Server thread/INFO]: Cactus Growth Modifier: 100%
[23:16:25] [Server thread/INFO]: Cane Growth Modifier: 100%
[23:16:25] [Server thread/INFO]: Melon Growth Modifier: 100%
[23:16:25] [Server thread/INFO]: Mushroom Growth Modifier: 100%
[23:16:25] [Server thread/INFO]: Pumpkin Growth Modifier: 100%
[23:16:25] [Server thread/INFO]: Sapling Growth Modifier: 100%
[23:16:25] [Server thread/INFO]: Wheat Growth Modifier: 100%
[23:16:25] [Server thread/INFO]: NetherWart Growth Modifier: 100%
[23:16:25] [Server thread/INFO]: Anti X-Ray: true
[23:16:25] [Server thread/INFO]: 	Engine Mode: 1
[23:16:25] [Server thread/INFO]: 	Hidden Blocks: [14, 15, 16, 21, 48, 49, 54, 56, 73, 74, 82, 129, 130]
[23:16:25] [Server thread/INFO]: 	Replace Blocks: [1, 5]
[23:16:25] [Server thread/INFO]: Nerfing mobs spawned from spawners: false
[23:16:25] [Server thread/INFO]: Mob Spawn Range: 4
[23:16:25] [Server thread/INFO]: Entity Activation Range: An 32 / Mo 32 / Mi 16
[23:16:25] [Server thread/INFO]: Entity Tracking Range: Pl 48 / An 48 / Mo 48 / Mi 32 / Other 64
[23:16:25] [Server thread/INFO]: Hopper Transfer: 8 Hopper Check: 8 Hopper Amount: 1
[23:16:25] [Server thread/INFO]: Random Lighting Updates: false
[23:16:25] [Server thread/INFO]: Structure Info Saving: true
[23:16:25] [Server thread/INFO]: Sending up to 10 chunks per packet
[23:16:25] [Server thread/INFO]: Max TNT Explosions: 100
[23:16:25] [Server thread/INFO]: Tile Max Tick Time: 50ms Entity max Tick Time: 50ms
[23:16:25] [Server thread/INFO]: Preparing start region for level 0 (Seed: 8343576031194544527)
[23:16:26] [Server thread/INFO]: Preparing spawn area: 17%
[23:16:27] [Server thread/INFO]: Preparing spawn area: 88%
[23:16:27] [Server thread/INFO]: Preparing start region for level 1 (Seed: 8343576031194544527)
[23:16:28] [Server thread/INFO]: Preparing spawn area: 6%
[23:16:29] [Server thread/INFO]: Preparing spawn area: 69%
[23:16:29] [Server thread/INFO]: Preparing start region for level 2 (Seed: 8343576031194544527)
[23:16:30] [Server thread/INFO]: Preparing spawn area: 60%
[23:16:31] [Server thread/INFO]: Server permissions file permissions.yml is empty, ignoring it
[23:16:31] [Server thread/INFO]: Done (6.291s)! For help, type "help" or "?"
[23:16:33] [Server thread/INFO]: Stopping the server
[23:16:33] [Server thread/INFO]: Stopping server
[23:16:33] [Server thread/INFO]: Saving players
[23:16:33] [Server thread/INFO]: Saving worlds
[23:16:33] [Server thread/INFO]: Saving chunks for level 'world'/Overworld
[23:16:34] [Server thread/INFO]: Saving chunks for level 'world_nether'/Nether
[23:16:35] [Server thread/INFO]: Saving chunks for level 'world_the_end'/The End
